<?xml version="1.0" encoding="UTF-8"?>
<!-- Generated by org.testng.reporters.JUnitReportReporter -->
<testsuite hostname="LAPTOP-FNVBE3JO" failures="0" tests="1" name="testCases.TC002_LoginTest" time="2.328" errors="0" timestamp="2024-10-22T11:12:46 IST" skipped="0">
  <testcase classname="testCases.TC002_LoginTest" name="verify_login" time="2.328"/>
</testsuite> <!-- testCases.TC002_LoginTest -->
