<?xml version="1.0" encoding="UTF-8"?>
<!-- Generated by org.testng.reporters.JUnitReportReporter -->
<testsuite hostname="LAPTOP-FNVBE3JO" failures="0" tests="1" name="testCases.TC002_LoginTest" time="1.806" errors="0" timestamp="2024-10-24T12:14:54 IST" skipped="0">
  <testcase classname="testCases.TC002_LoginTest" name="verify_login" time="1.806"/>
</testsuite> <!-- testCases.TC002_LoginTest -->
